<?xml version="1.0" encoding="UTF-8"?>
<testsuite name="C:/Users/BIOTECH/Rest_Assured_Practic"
           tests="3"
           failures="0"
           errors="0"
           skipped="0"
           time="0.006">
    <properties></properties>



            <testcase
                name="test1"
                time="0.002"
                classname="com.ratultester.testNG.tn02">
            </testcase>
            <testcase
                name="test2"
                time="0.002"
                classname="com.ratultester.testNG.tn02">
            </testcase>
            <testcase
                name="test3"
                time="0.002"
                classname="com.ratultester.testNG.tn02">
            </testcase>
</testsuite>
