<?xml version="1.0" encoding="UTF-8"?>
<testsuite name="C:/Users/BIOTECH/Rest_Assured_Practic"
           tests="3"
           failures="0"
           errors="0"
           skipped="0"
           time="5.529">
    <properties></properties>



            <testcase
                name="getRequest2"
                time="1.310"
                classname="com.ratultester.testNG.tn01">
            </testcase>
            <testcase
                name="getRequest1"
                time="1.239"
                classname="com.ratultester.testNG.tn01">
            </testcase>
            <testcase
                name="getRequest"
                time="2.980"
                classname="com.ratultester.testNG.tn01">
            </testcase>
</testsuite>
