<?xml version="1.0" encoding="UTF-8"?>
<testsuite name="Rest_Assured_Practice"
           tests="2"
           failures="0"
           errors="0"
           skipped="0"
           time="3.928">
    <properties></properties>



            <testcase
                name="getRequest1"
                time="1.222"
                classname="com.ratultester.testNG.tn01">
            </testcase>
            <testcase
                name="getRequest"
                time="2.706"
                classname="com.ratultester.testNG.tn01">
            </testcase>
</testsuite>
