<?xml version="1.0" encoding="UTF-8"?>
<testsuite name="C:/Users/BIOTECH/Rest_Assured_Practic"
           tests="2"
           failures="0"
           errors="0"
           skipped="0"
           time="0.012">
    <properties></properties>



            <testcase
                name="asserSH"
                time="0.011"
                classname="com.ratultester.testNG.tn03">
            </testcase>
            <testcase
                name="asserHS"
                time="0.001"
                classname="com.ratultester.testNG.tn03">
            </testcase>
</testsuite>
